UniDef/Temp/gradleOut/launcher/build/intermediates/manifest_merge_blame_file/release/manifest-merger-blame-release-report.txt
1<?xml version="1.0" encoding="utf-8"?>
2<!-- GENERATED BY UNITY. REMOVE THIS COMMENT TO PREVENT OVERWRITING WHEN EXPORTING AGAIN -->
3<manifest xmlns:android="http://schemas.android.com/apk/res/android"
4    package="com.DefaultCompany.UniDef"
5    android:installLocation="preferExternal"
6    android:versionCode="1"
7    android:versionName="0.01" >
8
9    <uses-sdk
10        android:minSdkVersion="19"
10-->src\main\AndroidManifest.xml
11        android:targetSdkVersion="29" />
11-->src\main\AndroidManifest.xml
12
13    <supports-screens
13-->src\main\AndroidManifest.xml:4:3-163
14        android:anyDensity="true"
14-->src\main\AndroidManifest.xml:4:135-160
15        android:largeScreens="true"
15-->src\main\AndroidManifest.xml:4:78-105
16        android:normalScreens="true"
16-->src\main\AndroidManifest.xml:4:49-77
17        android:smallScreens="true"
17-->src\main\AndroidManifest.xml:4:21-48
18        android:xlargeScreens="true" />
18-->src\main\AndroidManifest.xml:4:106-134
19
20    <uses-feature android:glEsVersion="0x00030000" />
20-->[:unityLibrary] AndroidManifest.xml:13:5-54
20-->[:unityLibrary] AndroidManifest.xml:13:19-51
21    <uses-feature
21-->[:unityLibrary] AndroidManifest.xml:14:5-16:36
22        android:name="android.hardware.vulkan.version"
22-->[:unityLibrary] AndroidManifest.xml:15:9-55
23        android:required="false" />
23-->[:unityLibrary] AndroidManifest.xml:16:9-33
24    <uses-feature
24-->[:unityLibrary] AndroidManifest.xml:17:5-19:36
25        android:name="android.hardware.touchscreen"
25-->[:unityLibrary] AndroidManifest.xml:18:9-52
26        android:required="false" />
26-->[:unityLibrary] AndroidManifest.xml:19:9-33
27    <uses-feature
27-->[:unityLibrary] AndroidManifest.xml:20:5-22:36
28        android:name="android.hardware.touchscreen.multitouch"
28-->[:unityLibrary] AndroidManifest.xml:21:9-63
29        android:required="false" />
29-->[:unityLibrary] AndroidManifest.xml:22:9-33
30    <uses-feature
30-->[:unityLibrary] AndroidManifest.xml:23:5-25:36
31        android:name="android.hardware.touchscreen.multitouch.distinct"
31-->[:unityLibrary] AndroidManifest.xml:24:9-72
32        android:required="false" />
32-->[:unityLibrary] AndroidManifest.xml:25:9-33
33
34    <application
34-->src\main\AndroidManifest.xml:5:3-116
35        android:extractNativeLibs="true"
35-->src\main\AndroidManifest.xml:5:16-48
36        android:icon="@mipmap/app_icon"
36-->src\main\AndroidManifest.xml:5:82-113
37        android:label="@string/app_name" >
37-->src\main\AndroidManifest.xml:5:49-81
38        <activity
38-->[:unityLibrary] AndroidManifest.xml:28:9-48:20
39            android:name="com.unity3d.player.UnityPlayerActivity"
39-->[:unityLibrary] AndroidManifest.xml:29:13-66
40            android:configChanges="mcc|mnc|locale|touchscreen|keyboard|keyboardHidden|navigation|orientation|screenLayout|uiMode|screenSize|smallestScreenSize|fontScale|layoutDirection|density"
40-->[:unityLibrary] AndroidManifest.xml:30:13-194
41            android:hardwareAccelerated="false"
41-->[:unityLibrary] AndroidManifest.xml:31:13-48
42            android:launchMode="singleTask"
42-->[:unityLibrary] AndroidManifest.xml:32:13-44
43            android:resizeableActivity="false"
43-->[:unityLibrary] AndroidManifest.xml:33:13-47
44            android:screenOrientation="fullSensor"
44-->[:unityLibrary] AndroidManifest.xml:34:13-51
45            android:theme="@style/UnityThemeSelector" >
45-->[:unityLibrary] AndroidManifest.xml:35:13-54
46            <intent-filter>
46-->[:unityLibrary] AndroidManifest.xml:36:13-40:29
47                <action android:name="android.intent.action.MAIN" />
47-->[:unityLibrary] AndroidManifest.xml:37:17-69
47-->[:unityLibrary] AndroidManifest.xml:37:25-66
48
49                <category android:name="android.intent.category.LAUNCHER" />
49-->[:unityLibrary] AndroidManifest.xml:39:17-77
49-->[:unityLibrary] AndroidManifest.xml:39:27-74
50            </intent-filter>
51
52            <meta-data
52-->[:unityLibrary] AndroidManifest.xml:42:13-44:40
53                android:name="unityplayer.UnityActivity"
53-->[:unityLibrary] AndroidManifest.xml:43:17-57
54                android:value="true" />
54-->[:unityLibrary] AndroidManifest.xml:44:17-37
55            <meta-data
55-->[:unityLibrary] AndroidManifest.xml:45:13-47:40
56                android:name="android.notch_support"
56-->[:unityLibrary] AndroidManifest.xml:46:17-53
57                android:value="true" />
57-->[:unityLibrary] AndroidManifest.xml:47:17-37
58        </activity>
59
60        <meta-data
60-->[:unityLibrary] AndroidManifest.xml:50:9-52:33
61            android:name="unity.splash-mode"
61-->[:unityLibrary] AndroidManifest.xml:51:13-45
62            android:value="0" />
62-->[:unityLibrary] AndroidManifest.xml:52:13-30
63        <meta-data
63-->[:unityLibrary] AndroidManifest.xml:53:9-55:36
64            android:name="unity.splash-enable"
64-->[:unityLibrary] AndroidManifest.xml:54:13-47
65            android:value="True" />
65-->[:unityLibrary] AndroidManifest.xml:55:13-33
66        <meta-data
66-->[:unityLibrary] AndroidManifest.xml:56:9-58:37
67            android:name="unity.allow-resizable-window"
67-->[:unityLibrary] AndroidManifest.xml:57:13-56
68            android:value="False" />
68-->[:unityLibrary] AndroidManifest.xml:58:13-34
69        <meta-data
69-->[:unityLibrary] AndroidManifest.xml:59:9-61:50
70            android:name="notch.config"
70-->[:unityLibrary] AndroidManifest.xml:60:13-40
71            android:value="portrait|landscape" />
71-->[:unityLibrary] AndroidManifest.xml:61:13-47
72        <meta-data
72-->[:unityLibrary] AndroidManifest.xml:62:9-64:68
73            android:name="unity.build-id"
73-->[:unityLibrary] AndroidManifest.xml:63:13-42
74            android:value="57c9ce2e-dd3e-4b80-a2b6-698009ad25ae" />
74-->[:unityLibrary] AndroidManifest.xml:64:13-65
75
76        <receiver
76-->[:unityLibrary] AndroidManifest.xml:66:9-68:39
77            android:name="com.unity.androidnotifications.UnityNotificationManager"
77-->[:unityLibrary] AndroidManifest.xml:67:13-83
78            android:exported="true" />
78-->[:unityLibrary] AndroidManifest.xml:68:13-36
79        <receiver
79-->[:unityLibrary] AndroidManifest.xml:69:9-75:20
80            android:name="com.unity.androidnotifications.UnityNotificationRestartOnBootReceiver"
80-->[:unityLibrary] AndroidManifest.xml:70:13-97
81            android:enabled="false" >
81-->[:unityLibrary] AndroidManifest.xml:71:13-36
82            <intent-filter>
82-->[:unityLibrary] AndroidManifest.xml:72:13-74:29
83                <action android:name="android.intent.action.BOOT_COMPLETED" />
83-->[:unityLibrary] AndroidManifest.xml:73:17-79
83-->[:unityLibrary] AndroidManifest.xml:73:25-76
84            </intent-filter>
85        </receiver>
86    </application>
87
88</manifest>